{
    "time": "2015-02-26 14:05:33 CST",
    "type": "ERROR",
    "uid": "http://www.houstonbbs.com/app/user/profile/1",
    "role": null,
    "uri": "/api/user/1?action=put",
    "client": "127.0.0.1 : Mozilla/5.0 (X11; Linux x86_64) AppleWebKit/537.36 (KHTML, like Gecko) Chrome/40.0.2214.115 Safari/537.36",
    "message": "updating an object with no dirty properties to database",
    "trace": [
        "#0  lzx\\db\\DBObject->update @ /home/mika/bbs/server/api/UserAPI.php:108",
        "#1  site\\api\\UserAPI->put @ /home/mika/bbs/server/WebApp.php:120",
        "#2  site\\WebApp->run @ /home/mika/bbs/server/portal.php:16"
    ],
    "_SERVER": {
        "USER": "web",
        "HOME": "/home/web",
        "FCGI_ROLE": "RESPONDER",
        "QUERY_STRING": "action=put",
        "REQUEST_METHOD": "GET",
        "CONTENT_TYPE": "",
        "CONTENT_LENGTH": "",
        "SCRIPT_FILENAME": "/home/web/bbs/server/portal.php",
        "SCRIPT_NAME": "/portal.php",
        "REQUEST_URI": "/api/user/1?action=put",
        "DOCUMENT_URI": "/portal.php",
        "DOCUMENT_ROOT": "/home/web/bbs/server",
        "SERVER_PROTOCOL": "HTTP/1.1",
        "GATEWAY_INTERFACE": "CGI/1.1",
        "SERVER_SOFTWARE": "nginx/1.7.10",
        "REMOTE_ADDR": "127.0.0.1",
        "REMOTE_PORT": 58207,
        "SERVER_ADDR": "127.0.0.1",
        "SERVER_PORT": 80,
        "SERVER_NAME": "www.houstonbbs-test.com",
        "HTTP_REFERER": "http://www.houstonbbs-test.com/app/user/profile",
        "REDIRECT_STATUS": 200,
        "HTTP_HOST": "www.houstonbbs-test.com",
        "HTTP_CONNECTION": "keep-alive",
        "HTTP_ACCEPT": "application/json, text/plain, */*",
        "HTTP_USER_AGENT": "Mozilla/5.0 (X11; Linux x86_64) AppleWebKit/537.36 (KHTML, like Gecko) Chrome/40.0.2214.115 Safari/537.36",
        "HTTP_ACCEPT_ENCODING": "gzip, deflate, sdch",
        "HTTP_ACCEPT_LANGUAGE": "zh-CN,zh;q=0.8,en-US;q=0.6,en;q=0.4",
        "HTTP_COOKIE": "LZXSID=5e54e972a593191; _ga=GA1.2.1000629619.1423504630",
        "PHP_SELF": "/portal.php",
        "REQUEST_TIME_FLOAT": 1424981133.4875,
        "REQUEST_TIME": 1424981133
    }
}
{
    "time": "2015-02-26 14:05:33 CST",
    "type": "ERROR",
    "uid": "http://www.houstonbbs.com/app/user/profile/1",
    "role": null,
    "uri": "/api/user/1?action=put",
    "client": "127.0.0.1 : Mozilla/5.0 (X11; Linux x86_64) AppleWebKit/537.36 (KHTML, like Gecko) Chrome/40.0.2214.115 Safari/537.36",
    "message": "updating an object with no dirty properties to database",
    "trace": [
        "#0  lzx\\db\\DBObject->update @ /home/mika/bbs/server/api/UserAPI.php:108",
        "#1  site\\api\\UserAPI->put @ /home/mika/bbs/server/WebApp.php:120",
        "#2  site\\WebApp->run @ /home/mika/bbs/server/portal.php:16"
    ],
    "_SERVER": {
        "USER": "web",
        "HOME": "/home/web",
        "FCGI_ROLE": "RESPONDER",
        "QUERY_STRING": "action=put",
        "REQUEST_METHOD": "GET",
        "CONTENT_TYPE": "",
        "CONTENT_LENGTH": "",
        "SCRIPT_FILENAME": "/home/web/bbs/server/portal.php",
        "SCRIPT_NAME": "/portal.php",
        "REQUEST_URI": "/api/user/1?action=put",
        "DOCUMENT_URI": "/portal.php",
        "DOCUMENT_ROOT": "/home/web/bbs/server",
        "SERVER_PROTOCOL": "HTTP/1.1",
        "GATEWAY_INTERFACE": "CGI/1.1",
        "SERVER_SOFTWARE": "nginx/1.7.10",
        "REMOTE_ADDR": "127.0.0.1",
        "REMOTE_PORT": 58207,
        "SERVER_ADDR": "127.0.0.1",
        "SERVER_PORT": 80,
        "SERVER_NAME": "www.houstonbbs-test.com",
        "HTTP_REFERER": "http://www.houstonbbs-test.com/app/user/profile",
        "REDIRECT_STATUS": 200,
        "HTTP_HOST": "www.houstonbbs-test.com",
        "HTTP_CONNECTION": "keep-alive",
        "HTTP_ACCEPT": "application/json, text/plain, */*",
        "HTTP_USER_AGENT": "Mozilla/5.0 (X11; Linux x86_64) AppleWebKit/537.36 (KHTML, like Gecko) Chrome/40.0.2214.115 Safari/537.36",
        "HTTP_ACCEPT_ENCODING": "gzip, deflate, sdch",
        "HTTP_ACCEPT_LANGUAGE": "zh-CN,zh;q=0.8,en-US;q=0.6,en;q=0.4",
        "HTTP_COOKIE": "LZXSID=5e54e972a593191; _ga=GA1.2.1000629619.1423504630",
        "PHP_SELF": "/portal.php",
        "REQUEST_TIME_FLOAT": 1424981133.6259,
        "REQUEST_TIME": 1424981133
    }
}
{
    "time": "2015-02-26 14:05:33 CST",
    "type": "ERROR",
    "uid": "http://www.houstonbbs.com/app/user/profile/1",
    "role": null,
    "uri": "/api/user/1?action=put",
    "client": "127.0.0.1 : Mozilla/5.0 (X11; Linux x86_64) AppleWebKit/537.36 (KHTML, like Gecko) Chrome/40.0.2214.115 Safari/537.36",
    "message": "updating an object with no dirty properties to database",
    "trace": [
        "#0  lzx\\db\\DBObject->update @ /home/mika/bbs/server/api/UserAPI.php:108",
        "#1  site\\api\\UserAPI->put @ /home/mika/bbs/server/WebApp.php:120",
        "#2  site\\WebApp->run @ /home/mika/bbs/server/portal.php:16"
    ],
    "_SERVER": {
        "USER": "web",
        "HOME": "/home/web",
        "FCGI_ROLE": "RESPONDER",
        "QUERY_STRING": "action=put",
        "REQUEST_METHOD": "GET",
        "CONTENT_TYPE": "",
        "CONTENT_LENGTH": "",
        "SCRIPT_FILENAME": "/home/web/bbs/server/portal.php",
        "SCRIPT_NAME": "/portal.php",
        "REQUEST_URI": "/api/user/1?action=put",
        "DOCUMENT_URI": "/portal.php",
        "DOCUMENT_ROOT": "/home/web/bbs/server",
        "SERVER_PROTOCOL": "HTTP/1.1",
        "GATEWAY_INTERFACE": "CGI/1.1",
        "SERVER_SOFTWARE": "nginx/1.7.10",
        "REMOTE_ADDR": "127.0.0.1",
        "REMOTE_PORT": 58207,
        "SERVER_ADDR": "127.0.0.1",
        "SERVER_PORT": 80,
        "SERVER_NAME": "www.houstonbbs-test.com",
        "HTTP_REFERER": "http://www.houstonbbs-test.com/app/user/profile",
        "REDIRECT_STATUS": 200,
        "HTTP_HOST": "www.houstonbbs-test.com",
        "HTTP_CONNECTION": "keep-alive",
        "HTTP_ACCEPT": "application/json, text/plain, */*",
        "HTTP_USER_AGENT": "Mozilla/5.0 (X11; Linux x86_64) AppleWebKit/537.36 (KHTML, like Gecko) Chrome/40.0.2214.115 Safari/537.36",
        "HTTP_ACCEPT_ENCODING": "gzip, deflate, sdch",
        "HTTP_ACCEPT_LANGUAGE": "zh-CN,zh;q=0.8,en-US;q=0.6,en;q=0.4",
        "HTTP_COOKIE": "LZXSID=5e54e972a593191; _ga=GA1.2.1000629619.1423504630",
        "PHP_SELF": "/portal.php",
        "REQUEST_TIME_FLOAT": 1424981133.725,
        "REQUEST_TIME": 1424981133
    }
}
{
    "time": "2015-02-26 14:05:33 CST",
    "type": "ERROR",
    "uid": "http://www.houstonbbs.com/app/user/profile/1",
    "role": null,
    "uri": "/api/user/1?action=put",
    "client": "127.0.0.1 : Mozilla/5.0 (X11; Linux x86_64) AppleWebKit/537.36 (KHTML, like Gecko) Chrome/40.0.2214.115 Safari/537.36",
    "message": "updating an object with no dirty properties to database",
    "trace": [
        "#0  lzx\\db\\DBObject->update @ /home/mika/bbs/server/api/UserAPI.php:108",
        "#1  site\\api\\UserAPI->put @ /home/mika/bbs/server/WebApp.php:120",
        "#2  site\\WebApp->run @ /home/mika/bbs/server/portal.php:16"
    ],
    "_SERVER": {
        "USER": "web",
        "HOME": "/home/web",
        "FCGI_ROLE": "RESPONDER",
        "QUERY_STRING": "action=put",
        "REQUEST_METHOD": "GET",
        "CONTENT_TYPE": "",
        "CONTENT_LENGTH": "",
        "SCRIPT_FILENAME": "/home/web/bbs/server/portal.php",
        "SCRIPT_NAME": "/portal.php",
        "REQUEST_URI": "/api/user/1?action=put",
        "DOCUMENT_URI": "/portal.php",
        "DOCUMENT_ROOT": "/home/web/bbs/server",
        "SERVER_PROTOCOL": "HTTP/1.1",
        "GATEWAY_INTERFACE": "CGI/1.1",
        "SERVER_SOFTWARE": "nginx/1.7.10",
        "REMOTE_ADDR": "127.0.0.1",
        "REMOTE_PORT": 58207,
        "SERVER_ADDR": "127.0.0.1",
        "SERVER_PORT": 80,
        "SERVER_NAME": "www.houstonbbs-test.com",
        "HTTP_REFERER": "http://www.houstonbbs-test.com/app/user/profile",
        "REDIRECT_STATUS": 200,
        "HTTP_HOST": "www.houstonbbs-test.com",
        "HTTP_CONNECTION": "keep-alive",
        "HTTP_ACCEPT": "application/json, text/plain, */*",
        "HTTP_USER_AGENT": "Mozilla/5.0 (X11; Linux x86_64) AppleWebKit/537.36 (KHTML, like Gecko) Chrome/40.0.2214.115 Safari/537.36",
        "HTTP_ACCEPT_ENCODING": "gzip, deflate, sdch",
        "HTTP_ACCEPT_LANGUAGE": "zh-CN,zh;q=0.8,en-US;q=0.6,en;q=0.4",
        "HTTP_COOKIE": "LZXSID=5e54e972a593191; _ga=GA1.2.1000629619.1423504630",
        "PHP_SELF": "/portal.php",
        "REQUEST_TIME_FLOAT": 1424981133.8354,
        "REQUEST_TIME": 1424981133
    }
}
{
    "time": "2015-02-26 14:06:55 CST",
    "type": "ERROR",
    "uid": "http://www.houstonbbs.com/app/user/profile/1",
    "role": null,
    "uri": "/api/user/1?action=put",
    "client": "127.0.0.1 : Mozilla/5.0 (X11; Linux x86_64) AppleWebKit/537.36 (KHTML, like Gecko) Chrome/40.0.2214.115 Safari/537.36",
    "message": "updating an object with no dirty properties to database",
    "trace": [
        "#0  lzx\\db\\DBObject->update @ /home/mika/bbs/server/api/UserAPI.php:108",
        "#1  site\\api\\UserAPI->put @ /home/mika/bbs/server/WebApp.php:120",
        "#2  site\\WebApp->run @ /home/mika/bbs/server/portal.php:16"
    ],
    "_SERVER": {
        "USER": "web",
        "HOME": "/home/web",
        "FCGI_ROLE": "RESPONDER",
        "QUERY_STRING": "action=put",
        "REQUEST_METHOD": "GET",
        "CONTENT_TYPE": "",
        "CONTENT_LENGTH": "",
        "SCRIPT_FILENAME": "/home/web/bbs/server/portal.php",
        "SCRIPT_NAME": "/portal.php",
        "REQUEST_URI": "/api/user/1?action=put",
        "DOCUMENT_URI": "/portal.php",
        "DOCUMENT_ROOT": "/home/web/bbs/server",
        "SERVER_PROTOCOL": "HTTP/1.1",
        "GATEWAY_INTERFACE": "CGI/1.1",
        "SERVER_SOFTWARE": "nginx/1.7.10",
        "REMOTE_ADDR": "127.0.0.1",
        "REMOTE_PORT": 58235,
        "SERVER_ADDR": "127.0.0.1",
        "SERVER_PORT": 80,
        "SERVER_NAME": "www.houstonbbs-test.com",
        "HTTP_REFERER": "http://www.houstonbbs-test.com/app/user/profile",
        "REDIRECT_STATUS": 200,
        "HTTP_HOST": "www.houstonbbs-test.com",
        "HTTP_CONNECTION": "keep-alive",
        "HTTP_ACCEPT": "application/json, text/plain, */*",
        "HTTP_USER_AGENT": "Mozilla/5.0 (X11; Linux x86_64) AppleWebKit/537.36 (KHTML, like Gecko) Chrome/40.0.2214.115 Safari/537.36",
        "HTTP_ACCEPT_ENCODING": "gzip, deflate, sdch",
        "HTTP_ACCEPT_LANGUAGE": "zh-CN,zh;q=0.8,en-US;q=0.6,en;q=0.4",
        "HTTP_COOKIE": "LZXSID=5e54e972a593191; _ga=GA1.2.1000629619.1423504630",
        "PHP_SELF": "/portal.php",
        "REQUEST_TIME_FLOAT": 1424981215.9399,
        "REQUEST_TIME": 1424981215
    }
}
{
    "time": "2015-02-26 14:06:56 CST",
    "type": "ERROR",
    "uid": "http://www.houstonbbs.com/app/user/profile/1",
    "role": null,
    "uri": "/api/user/1?action=put",
    "client": "127.0.0.1 : Mozilla/5.0 (X11; Linux x86_64) AppleWebKit/537.36 (KHTML, like Gecko) Chrome/40.0.2214.115 Safari/537.36",
    "message": "updating an object with no dirty properties to database",
    "trace": [
        "#0  lzx\\db\\DBObject->update @ /home/mika/bbs/server/api/UserAPI.php:108",
        "#1  site\\api\\UserAPI->put @ /home/mika/bbs/server/WebApp.php:120",
        "#2  site\\WebApp->run @ /home/mika/bbs/server/portal.php:16"
    ],
    "_SERVER": {
        "USER": "web",
        "HOME": "/home/web",
        "FCGI_ROLE": "RESPONDER",
        "QUERY_STRING": "action=put",
        "REQUEST_METHOD": "GET",
        "CONTENT_TYPE": "",
        "CONTENT_LENGTH": "",
        "SCRIPT_FILENAME": "/home/web/bbs/server/portal.php",
        "SCRIPT_NAME": "/portal.php",
        "REQUEST_URI": "/api/user/1?action=put",
        "DOCUMENT_URI": "/portal.php",
        "DOCUMENT_ROOT": "/home/web/bbs/server",
        "SERVER_PROTOCOL": "HTTP/1.1",
        "GATEWAY_INTERFACE": "CGI/1.1",
        "SERVER_SOFTWARE": "nginx/1.7.10",
        "REMOTE_ADDR": "127.0.0.1",
        "REMOTE_PORT": 58235,
        "SERVER_ADDR": "127.0.0.1",
        "SERVER_PORT": 80,
        "SERVER_NAME": "www.houstonbbs-test.com",
        "HTTP_REFERER": "http://www.houstonbbs-test.com/app/user/profile",
        "REDIRECT_STATUS": 200,
        "HTTP_HOST": "www.houstonbbs-test.com",
        "HTTP_CONNECTION": "keep-alive",
        "HTTP_ACCEPT": "application/json, text/plain, */*",
        "HTTP_USER_AGENT": "Mozilla/5.0 (X11; Linux x86_64) AppleWebKit/537.36 (KHTML, like Gecko) Chrome/40.0.2214.115 Safari/537.36",
        "HTTP_ACCEPT_ENCODING": "gzip, deflate, sdch",
        "HTTP_ACCEPT_LANGUAGE": "zh-CN,zh;q=0.8,en-US;q=0.6,en;q=0.4",
        "HTTP_COOKIE": "LZXSID=5e54e972a593191; _ga=GA1.2.1000629619.1423504630",
        "PHP_SELF": "/portal.php",
        "REQUEST_TIME_FLOAT": 1424981216.11,
        "REQUEST_TIME": 1424981216
    }
}
{
    "time": "2015-02-26 14:06:56 CST",
    "type": "ERROR",
    "uid": "http://www.houstonbbs.com/app/user/profile/1",
    "role": null,
    "uri": "/api/user/1?action=put",
    "client": "127.0.0.1 : Mozilla/5.0 (X11; Linux x86_64) AppleWebKit/537.36 (KHTML, like Gecko) Chrome/40.0.2214.115 Safari/537.36",
    "message": "updating an object with no dirty properties to database",
    "trace": [
        "#0  lzx\\db\\DBObject->update @ /home/mika/bbs/server/api/UserAPI.php:108",
        "#1  site\\api\\UserAPI->put @ /home/mika/bbs/server/WebApp.php:120",
        "#2  site\\WebApp->run @ /home/mika/bbs/server/portal.php:16"
    ],
    "_SERVER": {
        "USER": "web",
        "HOME": "/home/web",
        "FCGI_ROLE": "RESPONDER",
        "QUERY_STRING": "action=put",
        "REQUEST_METHOD": "GET",
        "CONTENT_TYPE": "",
        "CONTENT_LENGTH": "",
        "SCRIPT_FILENAME": "/home/web/bbs/server/portal.php",
        "SCRIPT_NAME": "/portal.php",
        "REQUEST_URI": "/api/user/1?action=put",
        "DOCUMENT_URI": "/portal.php",
        "DOCUMENT_ROOT": "/home/web/bbs/server",
        "SERVER_PROTOCOL": "HTTP/1.1",
        "GATEWAY_INTERFACE": "CGI/1.1",
        "SERVER_SOFTWARE": "nginx/1.7.10",
        "REMOTE_ADDR": "127.0.0.1",
        "REMOTE_PORT": 58235,
        "SERVER_ADDR": "127.0.0.1",
        "SERVER_PORT": 80,
        "SERVER_NAME": "www.houstonbbs-test.com",
        "HTTP_REFERER": "http://www.houstonbbs-test.com/app/user/profile",
        "REDIRECT_STATUS": 200,
        "HTTP_HOST": "www.houstonbbs-test.com",
        "HTTP_CONNECTION": "keep-alive",
        "HTTP_ACCEPT": "application/json, text/plain, */*",
        "HTTP_USER_AGENT": "Mozilla/5.0 (X11; Linux x86_64) AppleWebKit/537.36 (KHTML, like Gecko) Chrome/40.0.2214.115 Safari/537.36",
        "HTTP_ACCEPT_ENCODING": "gzip, deflate, sdch",
        "HTTP_ACCEPT_LANGUAGE": "zh-CN,zh;q=0.8,en-US;q=0.6,en;q=0.4",
        "HTTP_COOKIE": "LZXSID=5e54e972a593191; _ga=GA1.2.1000629619.1423504630",
        "PHP_SELF": "/portal.php",
        "REQUEST_TIME_FLOAT": 1424981216.243,
        "REQUEST_TIME": 1424981216
    }
}
{
    "time": "2015-02-26 14:15:39 CST",
    "type": "ERROR",
    "uid": "http://www.houstonbbs.com/app/user/profile/1",
    "role": null,
    "uri": "/api/user/1?action=put",
    "client": "127.0.0.1 : Mozilla/5.0 (X11; Linux x86_64) AppleWebKit/537.36 (KHTML, like Gecko) Chrome/40.0.2214.115 Safari/537.36",
    "message": "updating an object with no dirty properties to database",
    "trace": [
        "#0  lzx\\db\\DBObject->update @ /home/mika/bbs/server/api/UserAPI.php:108",
        "#1  site\\api\\UserAPI->put @ /home/mika/bbs/server/WebApp.php:120",
        "#2  site\\WebApp->run @ /home/mika/bbs/server/portal.php:16"
    ],
    "_SERVER": {
        "USER": "web",
        "HOME": "/home/web",
        "FCGI_ROLE": "RESPONDER",
        "QUERY_STRING": "action=put",
        "REQUEST_METHOD": "GET",
        "CONTENT_TYPE": "",
        "CONTENT_LENGTH": "",
        "SCRIPT_FILENAME": "/home/web/bbs/server/portal.php",
        "SCRIPT_NAME": "/portal.php",
        "REQUEST_URI": "/api/user/1?action=put",
        "DOCUMENT_URI": "/portal.php",
        "DOCUMENT_ROOT": "/home/web/bbs/server",
        "SERVER_PROTOCOL": "HTTP/1.1",
        "GATEWAY_INTERFACE": "CGI/1.1",
        "SERVER_SOFTWARE": "nginx/1.7.10",
        "REMOTE_ADDR": "127.0.0.1",
        "REMOTE_PORT": 58931,
        "SERVER_ADDR": "127.0.0.1",
        "SERVER_PORT": 80,
        "SERVER_NAME": "www.houstonbbs-test.com",
        "HTTP_REFERER": "",
        "REDIRECT_STATUS": 200,
        "HTTP_HOST": "www.houstonbbs-test.com",
        "HTTP_CONNECTION": "keep-alive",
        "HTTP_ACCEPT": "text/html,application/xhtml+xml,application/xml;q=0.9,image/webp,*/*;q=0.8",
        "HTTP_USER_AGENT": "Mozilla/5.0 (X11; Linux x86_64) AppleWebKit/537.36 (KHTML, like Gecko) Chrome/40.0.2214.115 Safari/537.36",
        "HTTP_ACCEPT_ENCODING": "gzip, deflate, sdch",
        "HTTP_ACCEPT_LANGUAGE": "zh-CN,zh;q=0.8,en-US;q=0.6,en;q=0.4",
        "HTTP_COOKIE": "LZXSID=5e54e972a593191; _ga=GA1.2.1000629619.1423504630",
        "PHP_SELF": "/portal.php",
        "REQUEST_TIME_FLOAT": 1424981739.9509,
        "REQUEST_TIME": 1424981739
    }
}
{
    "time": "2015-02-26 14:17:17 CST",
    "type": "ERROR",
    "uid": "http://www.houstonbbs.com/app/user/profile/1",
    "role": null,
    "uri": "/api/user/1?action=put",
    "client": "127.0.0.1 : Mozilla/5.0 (X11; Linux x86_64) AppleWebKit/537.36 (KHTML, like Gecko) Chrome/40.0.2214.115 Safari/537.36",
    "message": "updating an object with no dirty properties to database",
    "trace": [
        "#0  lzx\\db\\DBObject->update @ /home/mika/bbs/server/api/UserAPI.php:108",
        "#1  site\\api\\UserAPI->put @ /home/mika/bbs/server/WebApp.php:120",
        "#2  site\\WebApp->run @ /home/mika/bbs/server/portal.php:16"
    ],
    "_SERVER": {
        "USER": "web",
        "HOME": "/home/web",
        "FCGI_ROLE": "RESPONDER",
        "QUERY_STRING": "action=put",
        "REQUEST_METHOD": "GET",
        "CONTENT_TYPE": "",
        "CONTENT_LENGTH": "",
        "SCRIPT_FILENAME": "/home/web/bbs/server/portal.php",
        "SCRIPT_NAME": "/portal.php",
        "REQUEST_URI": "/api/user/1?action=put",
        "DOCUMENT_URI": "/portal.php",
        "DOCUMENT_ROOT": "/home/web/bbs/server",
        "SERVER_PROTOCOL": "HTTP/1.1",
        "GATEWAY_INTERFACE": "CGI/1.1",
        "SERVER_SOFTWARE": "nginx/1.7.10",
        "REMOTE_ADDR": "127.0.0.1",
        "REMOTE_PORT": 58943,
        "SERVER_ADDR": "127.0.0.1",
        "SERVER_PORT": 80,
        "SERVER_NAME": "www.houstonbbs-test.com",
        "HTTP_REFERER": "http://www.houstonbbs-test.com/app/user/profile",
        "REDIRECT_STATUS": 200,
        "HTTP_HOST": "www.houstonbbs-test.com",
        "HTTP_CONNECTION": "keep-alive",
        "HTTP_ACCEPT": "application/json, text/plain, */*",
        "HTTP_USER_AGENT": "Mozilla/5.0 (X11; Linux x86_64) AppleWebKit/537.36 (KHTML, like Gecko) Chrome/40.0.2214.115 Safari/537.36",
        "HTTP_ACCEPT_ENCODING": "gzip, deflate, sdch",
        "HTTP_ACCEPT_LANGUAGE": "zh-CN,zh;q=0.8,en-US;q=0.6,en;q=0.4",
        "HTTP_COOKIE": "LZXSID=5e54e972a593191; _ga=GA1.2.1000629619.1423504630; _gat=1",
        "PHP_SELF": "/portal.php",
        "REQUEST_TIME_FLOAT": 1424981837.761,
        "REQUEST_TIME": 1424981837
    }
}
{
    "time": "2015-02-26 14:17:17 CST",
    "type": "ERROR",
    "uid": "http://www.houstonbbs.com/app/user/profile/1",
    "role": null,
    "uri": "/api/user/1?action=put",
    "client": "127.0.0.1 : Mozilla/5.0 (X11; Linux x86_64) AppleWebKit/537.36 (KHTML, like Gecko) Chrome/40.0.2214.115 Safari/537.36",
    "message": "updating an object with no dirty properties to database",
    "trace": [
        "#0  lzx\\db\\DBObject->update @ /home/mika/bbs/server/api/UserAPI.php:108",
        "#1  site\\api\\UserAPI->put @ /home/mika/bbs/server/WebApp.php:120",
        "#2  site\\WebApp->run @ /home/mika/bbs/server/portal.php:16"
    ],
    "_SERVER": {
        "USER": "web",
        "HOME": "/home/web",
        "FCGI_ROLE": "RESPONDER",
        "QUERY_STRING": "action=put",
        "REQUEST_METHOD": "GET",
        "CONTENT_TYPE": "",
        "CONTENT_LENGTH": "",
        "SCRIPT_FILENAME": "/home/web/bbs/server/portal.php",
        "SCRIPT_NAME": "/portal.php",
        "REQUEST_URI": "/api/user/1?action=put",
        "DOCUMENT_URI": "/portal.php",
        "DOCUMENT_ROOT": "/home/web/bbs/server",
        "SERVER_PROTOCOL": "HTTP/1.1",
        "GATEWAY_INTERFACE": "CGI/1.1",
        "SERVER_SOFTWARE": "nginx/1.7.10",
        "REMOTE_ADDR": "127.0.0.1",
        "REMOTE_PORT": 58943,
        "SERVER_ADDR": "127.0.0.1",
        "SERVER_PORT": 80,
        "SERVER_NAME": "www.houstonbbs-test.com",
        "HTTP_REFERER": "http://www.houstonbbs-test.com/app/user/profile",
        "REDIRECT_STATUS": 200,
        "HTTP_HOST": "www.houstonbbs-test.com",
        "HTTP_CONNECTION": "keep-alive",
        "HTTP_ACCEPT": "application/json, text/plain, */*",
        "HTTP_USER_AGENT": "Mozilla/5.0 (X11; Linux x86_64) AppleWebKit/537.36 (KHTML, like Gecko) Chrome/40.0.2214.115 Safari/537.36",
        "HTTP_ACCEPT_ENCODING": "gzip, deflate, sdch",
        "HTTP_ACCEPT_LANGUAGE": "zh-CN,zh;q=0.8,en-US;q=0.6,en;q=0.4",
        "HTTP_COOKIE": "LZXSID=5e54e972a593191; _ga=GA1.2.1000629619.1423504630; _gat=1",
        "PHP_SELF": "/portal.php",
        "REQUEST_TIME_FLOAT": 1424981837.8662,
        "REQUEST_TIME": 1424981837
    }
}
{
    "time": "2015-02-26 14:17:17 CST",
    "type": "ERROR",
    "uid": "http://www.houstonbbs.com/app/user/profile/1",
    "role": null,
    "uri": "/api/user/1?action=put",
    "client": "127.0.0.1 : Mozilla/5.0 (X11; Linux x86_64) AppleWebKit/537.36 (KHTML, like Gecko) Chrome/40.0.2214.115 Safari/537.36",
    "message": "updating an object with no dirty properties to database",
    "trace": [
        "#0  lzx\\db\\DBObject->update @ /home/mika/bbs/server/api/UserAPI.php:108",
        "#1  site\\api\\UserAPI->put @ /home/mika/bbs/server/WebApp.php:120",
        "#2  site\\WebApp->run @ /home/mika/bbs/server/portal.php:16"
    ],
    "_SERVER": {
        "USER": "web",
        "HOME": "/home/web",
        "FCGI_ROLE": "RESPONDER",
        "QUERY_STRING": "action=put",
        "REQUEST_METHOD": "GET",
        "CONTENT_TYPE": "",
        "CONTENT_LENGTH": "",
        "SCRIPT_FILENAME": "/home/web/bbs/server/portal.php",
        "SCRIPT_NAME": "/portal.php",
        "REQUEST_URI": "/api/user/1?action=put",
        "DOCUMENT_URI": "/portal.php",
        "DOCUMENT_ROOT": "/home/web/bbs/server",
        "SERVER_PROTOCOL": "HTTP/1.1",
        "GATEWAY_INTERFACE": "CGI/1.1",
        "SERVER_SOFTWARE": "nginx/1.7.10",
        "REMOTE_ADDR": "127.0.0.1",
        "REMOTE_PORT": 58943,
        "SERVER_ADDR": "127.0.0.1",
        "SERVER_PORT": 80,
        "SERVER_NAME": "www.houstonbbs-test.com",
        "HTTP_REFERER": "http://www.houstonbbs-test.com/app/user/profile",
        "REDIRECT_STATUS": 200,
        "HTTP_HOST": "www.houstonbbs-test.com",
        "HTTP_CONNECTION": "keep-alive",
        "HTTP_ACCEPT": "application/json, text/plain, */*",
        "HTTP_USER_AGENT": "Mozilla/5.0 (X11; Linux x86_64) AppleWebKit/537.36 (KHTML, like Gecko) Chrome/40.0.2214.115 Safari/537.36",
        "HTTP_ACCEPT_ENCODING": "gzip, deflate, sdch",
        "HTTP_ACCEPT_LANGUAGE": "zh-CN,zh;q=0.8,en-US;q=0.6,en;q=0.4",
        "HTTP_COOKIE": "LZXSID=5e54e972a593191; _ga=GA1.2.1000629619.1423504630; _gat=1",
        "PHP_SELF": "/portal.php",
        "REQUEST_TIME_FLOAT": 1424981837.9845,
        "REQUEST_TIME": 1424981837
    }
}
{
    "time": "2015-02-26 14:19:11 CST",
    "type": "ERROR",
    "uid": "http://www.houstonbbs.com/app/user/profile/1",
    "role": null,
    "uri": "/api/user/1?action=put",
    "client": "127.0.0.1 : Mozilla/5.0 (X11; Linux x86_64) AppleWebKit/537.36 (KHTML, like Gecko) Chrome/40.0.2214.115 Safari/537.36",
    "message": "updating an object with no dirty properties to database",
    "trace": [
        "#0  lzx\\db\\DBObject->update @ /home/mika/bbs/server/api/UserAPI.php:108",
        "#1  site\\api\\UserAPI->put @ /home/mika/bbs/server/WebApp.php:120",
        "#2  site\\WebApp->run @ /home/mika/bbs/server/portal.php:16"
    ],
    "_SERVER": {
        "USER": "web",
        "HOME": "/home/web",
        "FCGI_ROLE": "RESPONDER",
        "QUERY_STRING": "action=put",
        "REQUEST_METHOD": "GET",
        "CONTENT_TYPE": "",
        "CONTENT_LENGTH": "",
        "SCRIPT_FILENAME": "/home/web/bbs/server/portal.php",
        "SCRIPT_NAME": "/portal.php",
        "REQUEST_URI": "/api/user/1?action=put",
        "DOCUMENT_URI": "/portal.php",
        "DOCUMENT_ROOT": "/home/web/bbs/server",
        "SERVER_PROTOCOL": "HTTP/1.1",
        "GATEWAY_INTERFACE": "CGI/1.1",
        "SERVER_SOFTWARE": "nginx/1.7.10",
        "REMOTE_ADDR": "127.0.0.1",
        "REMOTE_PORT": 58956,
        "SERVER_ADDR": "127.0.0.1",
        "SERVER_PORT": 80,
        "SERVER_NAME": "www.houstonbbs-test.com",
        "HTTP_REFERER": "http://www.houstonbbs-test.com/app/user/profile",
        "REDIRECT_STATUS": 200,
        "HTTP_HOST": "www.houstonbbs-test.com",
        "HTTP_CONNECTION": "keep-alive",
        "HTTP_ACCEPT": "application/json, text/plain, */*",
        "HTTP_USER_AGENT": "Mozilla/5.0 (X11; Linux x86_64) AppleWebKit/537.36 (KHTML, like Gecko) Chrome/40.0.2214.115 Safari/537.36",
        "HTTP_ACCEPT_ENCODING": "gzip, deflate, sdch",
        "HTTP_ACCEPT_LANGUAGE": "zh-CN,zh;q=0.8,en-US;q=0.6,en;q=0.4",
        "HTTP_COOKIE": "LZXSID=5e54e972a593191; _ga=GA1.2.1000629619.1423504630; _gat=1",
        "PHP_SELF": "/portal.php",
        "REQUEST_TIME_FLOAT": 1424981951.0426,
        "REQUEST_TIME": 1424981951
    }
}
{
    "time": "2015-02-26 14:19:11 CST",
    "type": "ERROR",
    "uid": "http://www.houstonbbs.com/app/user/profile/1",
    "role": null,
    "uri": "/api/user/1?action=put",
    "client": "127.0.0.1 : Mozilla/5.0 (X11; Linux x86_64) AppleWebKit/537.36 (KHTML, like Gecko) Chrome/40.0.2214.115 Safari/537.36",
    "message": "updating an object with no dirty properties to database",
    "trace": [
        "#0  lzx\\db\\DBObject->update @ /home/mika/bbs/server/api/UserAPI.php:108",
        "#1  site\\api\\UserAPI->put @ /home/mika/bbs/server/WebApp.php:120",
        "#2  site\\WebApp->run @ /home/mika/bbs/server/portal.php:16"
    ],
    "_SERVER": {
        "USER": "web",
        "HOME": "/home/web",
        "FCGI_ROLE": "RESPONDER",
        "QUERY_STRING": "action=put",
        "REQUEST_METHOD": "GET",
        "CONTENT_TYPE": "",
        "CONTENT_LENGTH": "",
        "SCRIPT_FILENAME": "/home/web/bbs/server/portal.php",
        "SCRIPT_NAME": "/portal.php",
        "REQUEST_URI": "/api/user/1?action=put",
        "DOCUMENT_URI": "/portal.php",
        "DOCUMENT_ROOT": "/home/web/bbs/server",
        "SERVER_PROTOCOL": "HTTP/1.1",
        "GATEWAY_INTERFACE": "CGI/1.1",
        "SERVER_SOFTWARE": "nginx/1.7.10",
        "REMOTE_ADDR": "127.0.0.1",
        "REMOTE_PORT": 58956,
        "SERVER_ADDR": "127.0.0.1",
        "SERVER_PORT": 80,
        "SERVER_NAME": "www.houstonbbs-test.com",
        "HTTP_REFERER": "http://www.houstonbbs-test.com/app/user/profile",
        "REDIRECT_STATUS": 200,
        "HTTP_HOST": "www.houstonbbs-test.com",
        "HTTP_CONNECTION": "keep-alive",
        "HTTP_ACCEPT": "application/json, text/plain, */*",
        "HTTP_USER_AGENT": "Mozilla/5.0 (X11; Linux x86_64) AppleWebKit/537.36 (KHTML, like Gecko) Chrome/40.0.2214.115 Safari/537.36",
        "HTTP_ACCEPT_ENCODING": "gzip, deflate, sdch",
        "HTTP_ACCEPT_LANGUAGE": "zh-CN,zh;q=0.8,en-US;q=0.6,en;q=0.4",
        "HTTP_COOKIE": "LZXSID=5e54e972a593191; _ga=GA1.2.1000629619.1423504630; _gat=1",
        "PHP_SELF": "/portal.php",
        "REQUEST_TIME_FLOAT": 1424981951.1703,
        "REQUEST_TIME": 1424981951
    }
}
{
    "time": "2015-02-26 14:19:11 CST",
    "type": "ERROR",
    "uid": "http://www.houstonbbs.com/app/user/profile/1",
    "role": null,
    "uri": "/api/user/1?action=put",
    "client": "127.0.0.1 : Mozilla/5.0 (X11; Linux x86_64) AppleWebKit/537.36 (KHTML, like Gecko) Chrome/40.0.2214.115 Safari/537.36",
    "message": "updating an object with no dirty properties to database",
    "trace": [
        "#0  lzx\\db\\DBObject->update @ /home/mika/bbs/server/api/UserAPI.php:108",
        "#1  site\\api\\UserAPI->put @ /home/mika/bbs/server/WebApp.php:120",
        "#2  site\\WebApp->run @ /home/mika/bbs/server/portal.php:16"
    ],
    "_SERVER": {
        "USER": "web",
        "HOME": "/home/web",
        "FCGI_ROLE": "RESPONDER",
        "QUERY_STRING": "action=put",
        "REQUEST_METHOD": "GET",
        "CONTENT_TYPE": "",
        "CONTENT_LENGTH": "",
        "SCRIPT_FILENAME": "/home/web/bbs/server/portal.php",
        "SCRIPT_NAME": "/portal.php",
        "REQUEST_URI": "/api/user/1?action=put",
        "DOCUMENT_URI": "/portal.php",
        "DOCUMENT_ROOT": "/home/web/bbs/server",
        "SERVER_PROTOCOL": "HTTP/1.1",
        "GATEWAY_INTERFACE": "CGI/1.1",
        "SERVER_SOFTWARE": "nginx/1.7.10",
        "REMOTE_ADDR": "127.0.0.1",
        "REMOTE_PORT": 58956,
        "SERVER_ADDR": "127.0.0.1",
        "SERVER_PORT": 80,
        "SERVER_NAME": "www.houstonbbs-test.com",
        "HTTP_REFERER": "http://www.houstonbbs-test.com/app/user/profile",
        "REDIRECT_STATUS": 200,
        "HTTP_HOST": "www.houstonbbs-test.com",
        "HTTP_CONNECTION": "keep-alive",
        "HTTP_ACCEPT": "application/json, text/plain, */*",
        "HTTP_USER_AGENT": "Mozilla/5.0 (X11; Linux x86_64) AppleWebKit/537.36 (KHTML, like Gecko) Chrome/40.0.2214.115 Safari/537.36",
        "HTTP_ACCEPT_ENCODING": "gzip, deflate, sdch",
        "HTTP_ACCEPT_LANGUAGE": "zh-CN,zh;q=0.8,en-US;q=0.6,en;q=0.4",
        "HTTP_COOKIE": "LZXSID=5e54e972a593191; _ga=GA1.2.1000629619.1423504630; _gat=1",
        "PHP_SELF": "/portal.php",
        "REQUEST_TIME_FLOAT": 1424981951.2767,
        "REQUEST_TIME": 1424981951
    }
}
{
    "time": "2015-02-26 14:19:11 CST",
    "type": "ERROR",
    "uid": "http://www.houstonbbs.com/app/user/profile/1",
    "role": null,
    "uri": "/api/user/1?action=put",
    "client": "127.0.0.1 : Mozilla/5.0 (X11; Linux x86_64) AppleWebKit/537.36 (KHTML, like Gecko) Chrome/40.0.2214.115 Safari/537.36",
    "message": "updating an object with no dirty properties to database",
    "trace": [
        "#0  lzx\\db\\DBObject->update @ /home/mika/bbs/server/api/UserAPI.php:108",
        "#1  site\\api\\UserAPI->put @ /home/mika/bbs/server/WebApp.php:120",
        "#2  site\\WebApp->run @ /home/mika/bbs/server/portal.php:16"
    ],
    "_SERVER": {
        "USER": "web",
        "HOME": "/home/web",
        "FCGI_ROLE": "RESPONDER",
        "QUERY_STRING": "action=put",
        "REQUEST_METHOD": "GET",
        "CONTENT_TYPE": "",
        "CONTENT_LENGTH": "",
        "SCRIPT_FILENAME": "/home/web/bbs/server/portal.php",
        "SCRIPT_NAME": "/portal.php",
        "REQUEST_URI": "/api/user/1?action=put",
        "DOCUMENT_URI": "/portal.php",
        "DOCUMENT_ROOT": "/home/web/bbs/server",
        "SERVER_PROTOCOL": "HTTP/1.1",
        "GATEWAY_INTERFACE": "CGI/1.1",
        "SERVER_SOFTWARE": "nginx/1.7.10",
        "REMOTE_ADDR": "127.0.0.1",
        "REMOTE_PORT": 58956,
        "SERVER_ADDR": "127.0.0.1",
        "SERVER_PORT": 80,
        "SERVER_NAME": "www.houstonbbs-test.com",
        "HTTP_REFERER": "http://www.houstonbbs-test.com/app/user/profile",
        "REDIRECT_STATUS": 200,
        "HTTP_HOST": "www.houstonbbs-test.com",
        "HTTP_CONNECTION": "keep-alive",
        "HTTP_ACCEPT": "application/json, text/plain, */*",
        "HTTP_USER_AGENT": "Mozilla/5.0 (X11; Linux x86_64) AppleWebKit/537.36 (KHTML, like Gecko) Chrome/40.0.2214.115 Safari/537.36",
        "HTTP_ACCEPT_ENCODING": "gzip, deflate, sdch",
        "HTTP_ACCEPT_LANGUAGE": "zh-CN,zh;q=0.8,en-US;q=0.6,en;q=0.4",
        "HTTP_COOKIE": "LZXSID=5e54e972a593191; _ga=GA1.2.1000629619.1423504630; _gat=1",
        "PHP_SELF": "/portal.php",
        "REQUEST_TIME_FLOAT": 1424981951.3767,
        "REQUEST_TIME": 1424981951
    }
}
